<?xml version="1.0" encoding="UTF-8"?>
<testng-results ignored="0" total="1" passed="1" failed="0" skipped="0">
  <reporter-output>
  </reporter-output>
  <suite started-at="2025-07-08T20:01:15 IST" name="Default suite" finished-at="2025-07-08T20:01:23 IST" duration-ms="8220">
    <groups>
    </groups>
    <test started-at="2025-07-08T20:01:15 IST" name="Default test" finished-at="2025-07-08T20:01:23 IST" duration-ms="8220">
      <class name="demoqawebsite.Makemytrip">
        <test-method is-config="true" signature="beforemethod()[pri:0, instance:demoqawebsite.Makemytrip@3cd3e762]" started-at="2025-07-08T20:01:15 IST" name="beforemethod" finished-at="2025-07-08T20:01:21 IST" duration-ms="6365" status="PASS">
          <reporter-output>
          </reporter-output>
        </test-method> <!-- beforemethod -->
        <test-method signature="action()[pri:0, instance:demoqawebsite.Makemytrip@3cd3e762]" started-at="2025-07-08T20:01:21 IST" name="action" finished-at="2025-07-08T20:01:23 IST" duration-ms="1610" status="PASS">
          <reporter-output>
          </reporter-output>
        </test-method> <!-- action -->
        <test-method is-config="true" signature="close()[pri:0, instance:demoqawebsite.Makemytrip@3cd3e762]" started-at="2025-07-08T20:01:23 IST" name="close" finished-at="2025-07-08T20:01:23 IST" duration-ms="191" status="PASS">
          <reporter-output>
          </reporter-output>
        </test-method> <!-- close -->
      </class> <!-- demoqawebsite.Makemytrip -->
    </test> <!-- Default test -->
  </suite> <!-- Default suite -->
</testng-results>
