<?xml version="1.0" encoding="UTF-8"?>
<!-- Generated by org.testng.reporters.JUnitXMLReporter -->
<testsuite ignored="0" hostname="KRISH164" failures="1" tests="7" name="Test1" time="0.484" errors="0" timestamp="2025-05-28T16:57:57 IST">
  <testcase classname="dependencies.Dependency" name="close" time="0.037"/>
  <testcase classname="dependencies.Dependency" name="login" time="0.014"/>
  <testcase classname="dependencies.Dependency" name="openapp" time="0.008"/>
  <testcase classname="dependencies.Grouping" name="close" time="0.011"/>
  <testcase classname="dependencies.Grouping" name="display" time="0.015"/>
  <testcase classname="dependencies.Grouping" name="login" time="0.007"/>
  <testcase classname="dependencies.Grouping" name="openapp" time="0.03">
    <failure type="java.lang.AssertionError" message="expected [true] but found [false]">
      <![CDATA[java.lang.AssertionError: expected [true] but found [false]
at dependencies.Grouping.openapp(Grouping.java:12)
at java.base/java.util.ArrayList.forEach(ArrayList.java:1597)
... Removed 29 stack frames]]>
    </failure>
  </testcase> <!-- openapp -->
</testsuite> <!-- Test1 -->
