<?xml version="1.0" encoding="UTF-8"?>
<!-- Generated by org.testng.reporters.JUnitXMLReporter -->
<testsuite ignored="0" hostname="KRISH164" failures="1" tests="3" name="Test" time="1.76" errors="0" timestamp="2025-05-29T12:58:41 IST">
  <testcase classname="day3.firstclass1" name="display" time="0.039">
    <failure type="java.lang.AssertionError" message="expected [true] but found [false]">
      <![CDATA[java.lang.AssertionError: expected [true] but found [false]
at day3.firstclass1.display(firstclass1.java:33)
at java.base/java.util.ArrayList.forEach(ArrayList.java:1597)
... Removed 29 stack frames]]>
    </failure>
  </testcase> <!-- display -->
  <testcase classname="day3.firstclass1" name="setup" time="0.01"/>
  <testcase classname="day3.firstclass1" name="displaywindow" time="0.0">
    <skipped/>
  </testcase> <!-- displaywindow -->
</testsuite> <!-- Test -->
